0 info it worked if it ends with ok
1 verbose cli [ '/usr/local/bin/node',
1 verbose cli   '/usr/local/bin/npm',
1 verbose cli   'run',
1 verbose cli   'livereload' ]
2 info using npm@3.8.3
3 info using node@v5.10.1
4 verbose run-script [ 'prelivereload', 'livereload', 'postlivereload' ]
5 info lifecycle forward_advance_sass_demo_project@1.0.0~prelivereload: forward_advance_sass_demo_project@1.0.0
6 silly lifecycle forward_advance_sass_demo_project@1.0.0~prelivereload: no script for prelivereload, continuing
7 info lifecycle forward_advance_sass_demo_project@1.0.0~livereload: forward_advance_sass_demo_project@1.0.0
8 verbose lifecycle forward_advance_sass_demo_project@1.0.0~livereload: unsafe-perm in lifecycle true
9 verbose lifecycle forward_advance_sass_demo_project@1.0.0~livereload: PATH: /usr/local/lib/node_modules/npm/bin/node-gyp-bin:/Users/nicholas/Dropbox/Training/sass/exercises/0020_variables/demo/node_modules/.bin:/usr/local/bin:/usr/local/lib/node_modules/npm/bin/node-gyp-bin:/Users/nicholas/Dropbox/Training/sass/exercises/0020_variables/demo/node_modules/.bin:/usr/local/bin:/Library/Frameworks/Python.framework/Versions/2.7/bin:/Users/nicholas/.rvm/gems/ruby-2.1.0/bin:/Users/nicholas/.rvm/gems/ruby-2.1.0@global/bin:/Users/nicholas/.rvm/rubies/ruby-2.1.0/bin:/usr/local/bin:/usr/bin:/bin:/usr/sbin:/sbin:/opt/X11/bin:/Users/nicholas/.rvm/bin:/Users/nicholas/bin:/Applications/Postgres.app/Contents/Versions/9.3/bin
10 verbose lifecycle forward_advance_sass_demo_project@1.0.0~livereload: CWD: /Users/nicholas/Dropbox/Training/sass/exercises/0020_variables/demo
11 silly lifecycle forward_advance_sass_demo_project@1.0.0~livereload: Args: [ '-c', 'live-server --open=index.html' ]
12 silly lifecycle forward_advance_sass_demo_project@1.0.0~livereload: Returned: code: 1  signal: null
13 info lifecycle forward_advance_sass_demo_project@1.0.0~livereload: Failed to exec livereload script
14 verbose stack Error: forward_advance_sass_demo_project@1.0.0 livereload: `live-server --open=index.html`
14 verbose stack Exit status 1
14 verbose stack     at EventEmitter.<anonymous> (/usr/local/lib/node_modules/npm/lib/utils/lifecycle.js:239:16)
14 verbose stack     at emitTwo (events.js:100:13)
14 verbose stack     at EventEmitter.emit (events.js:185:7)
14 verbose stack     at ChildProcess.<anonymous> (/usr/local/lib/node_modules/npm/lib/utils/spawn.js:24:14)
14 verbose stack     at emitTwo (events.js:100:13)
14 verbose stack     at ChildProcess.emit (events.js:185:7)
14 verbose stack     at maybeClose (internal/child_process.js:850:16)
14 verbose stack     at Process.ChildProcess._handle.onexit (internal/child_process.js:215:5)
15 verbose pkgid forward_advance_sass_demo_project@1.0.0
16 verbose cwd /Users/nicholas/Dropbox/Training/sass/exercises/0020_variables/demo
17 error Darwin 15.5.0
18 error argv "/usr/local/bin/node" "/usr/local/bin/npm" "run" "livereload"
19 error node v5.10.1
20 error npm  v3.8.3
21 error code ELIFECYCLE
22 error forward_advance_sass_demo_project@1.0.0 livereload: `live-server --open=index.html`
22 error Exit status 1
23 error Failed at the forward_advance_sass_demo_project@1.0.0 livereload script 'live-server --open=index.html'.
23 error Make sure you have the latest version of node.js and npm installed.
23 error If you do, this is most likely a problem with the forward_advance_sass_demo_project package,
23 error not with npm itself.
23 error Tell the author that this fails on your system:
23 error     live-server --open=index.html
23 error You can get information on how to open an issue for this project with:
23 error     npm bugs forward_advance_sass_demo_project
23 error Or if that isn't available, you can get their info via:
23 error     npm owner ls forward_advance_sass_demo_project
23 error There is likely additional logging output above.
24 verbose exit [ 1, true ]
